Arguments: 
  /home/matheus/.nvm/versions/node/v15.12.0/bin/node /usr/bin/yarn init

PATH: 
  /home/matheus/.nvm/versions/node/v15.12.0/bin:/usr/local/sbin:/usr/local/bin:/usr/sbin:/usr/bin:/sbin:/bin:/usr/games:/usr/local/games:/snap/bin

Yarn version: 
  1.22.10

Node version: 
  15.12.0

Platform: 
  linux x64

Trace: 
  Error: canceled
      at Interface.<anonymous> (/usr/lib/node_modules/yarn/lib/cli.js:136216:13)
      at Interface.emit (node:events:369:20)
      at Interface._ttyWrite (node:readline:973:16)
      at ReadStream.onkeypress (node:readline:259:10)
      at ReadStream.emit (node:events:369:20)
      at emitKeys (node:internal/readline/utils:358:14)
      at emitKeys.next (<anonymous>)
      at ReadStream.onData (node:readline:1242:36)
      at ReadStream.emit (node:events:369:20)
      at addChunk (node:internal/streams/readable:313:12)

npm manifest: 
  {
    "name": "zzzz",
    "version": "1.0.0",
    "main": "index.js",
    "scripts": {
      "mocha": "./node_modules/mocha/bin/mocha",
      "test": "node src/index.js",
      "dev": "nodemon src/index.js",
      "start": "node src/index.js"
    },
    "keywords": [],
    "author": "",
    "license": "ISC",
    "description": "",
    "dependencies": {
      "express": "^4.17.1",
      "mongoose": "^5.12.5",
      "request": "^2.88.2",
      "validator": "^13.6.0"
    },
    "devDependencies": {
      "chai": "^4.3.4",
      "mocha": "^8.3.2",
      "nock": "^13.0.11",
      "nodemon": "^2.0.7",
      "supertest": "^6.1.3"
    }
  }

yarn manifest: 
  No manifest

Lockfile: 
  No lockfile
